<?xml version="1.0" encoding="UTF-8"?>
<!-- Generated by org.testng.reporters.JUnitXMLReporter -->
<testsuite ignored="8" hostname="user-Latitude-3420" failures="0" tests="2" name="Pixel" time="0.082" errors="0" timestamp="2023-11-23T22:38:25 IST">
  <testcase classname="com.qa.BaseTest" name="@BeforeSuite beforeSuite" time="31.336">
    <failure type="io.appium.java_client.service.local.AppiumServerHasNotBeenStartedLocallyException" message="[The local appium server has not been started, Reason: Timed out waiting for [http://127.0.0.1:4723/status] to be available after 20121 ms, Consider increasing the server startup timeout value (currently 20000ms), Node.js executable path: /usr/local/lib/nodejs/node-v18.13.0-linux-x64/bin/node, Arguments: [/usr/local/lib/nodejs/node-v18.13.0-linux-x64/lib/node_modules/appium/build/lib/main.js, --port, 4723, --address, 0.0.0.0, --session-override], Output: [35m[Appium][39m Welcome to Appium v2.0.0-beta.57
[35m[Appium][39m Non-default server args:
[35m[Appium][39m { sessionOverride: [33mtrue[39m }
[35m[Appium][39m Attempting to load driver uiautomator2...
[debug] [35m[Appium][39m Requiring driver at /home/user/.appium/node_modules/appium-uiautomator2-driver
]">
      <![CDATA[io.appium.java_client.service.local.AppiumServerHasNotBeenStartedLocallyException: [The local appium server has not been started, Reason: Timed out waiting for [http://127.0.0.1:4723/status] to be available after 20121 ms, Consider increasing the server startup timeout value (currently 20000ms), Node.js executable path: /usr/local/lib/nodejs/node-v18.13.0-linux-x64/bin/node, Arguments: [/usr/local/lib/nodejs/node-v18.13.0-linux-x64/lib/node_modules/appium/build/lib/main.js, --port, 4723, --address, 0.0.0.0, --session-override], Output: [35m[Appium][39m Welcome to Appium v2.0.0-beta.57
[35m[Appium][39m Non-default server args:
[35m[Appium][39m { sessionOverride: [33mtrue[39m }
[35m[Appium][39m Attempting to load driver uiautomator2...
[debug] [35m[Appium][39m Requiring driver at /home/user/.appium/node_modules/appium-uiautomator2-driver
]
at io.appium.java_client.service.local.AppiumDriverLocalService.start(AppiumDriverLocalService.java:203)
at com.qa.BaseTest.beforeSuite(BaseTest.java:123)
at com.intellij.rt.testng.IDEARemoteTestNG.run(IDEARemoteTestNG.java:66)
at com.intellij.rt.testng.RemoteTestNGStarter.main(RemoteTestNGStarter.java:105)
Caused by: org.openqa.selenium.net.UrlChecker$TimeoutException: Timed out waiting for [http://127.0.0.1:4723/status] to be available after 20121 ms
at org.openqa.selenium.net.UrlChecker.waitUntilAvailable(UrlChecker.java:94)
at io.appium.java_client.service.local.AppiumDriverLocalService.ping(AppiumDriverLocalService.java:157)
at io.appium.java_client.service.local.AppiumDriverLocalService.start(AppiumDriverLocalService.java:182)
... 19 more
Caused by: java.util.concurrent.TimeoutException
at java.base/java.util.concurrent.FutureTask.get(FutureTask.java:204)
at org.openqa.selenium.net.UrlChecker.waitUntilAvailable(UrlChecker.java:91)
... 21 more
... Removed 16 stack frames]]>
    </failure>
  </testcase> <!-- @BeforeSuite beforeSuite -->
  <testcase classname="com.qa.BaseTest" name="@BeforeTest beforeTest" time="0.0">
    <skipped/>
  </testcase> <!-- @BeforeTest beforeTest -->
  <testcase classname="com.qa.tests.LoginTests" name="@BeforeClass beforeClass" time="0.0">
    <skipped/>
  </testcase> <!-- @BeforeClass beforeClass -->
  <testcase classname="com.qa.BaseTest" name="@BeforeMethod beforeMethod" time="0.0">
    <skipped/>
  </testcase> <!-- @BeforeMethod beforeMethod -->
  <testcase classname="com.qa.tests.LoginTests" name="@BeforeMethod beforeMethod" time="0.0">
    <skipped/>
  </testcase> <!-- @BeforeMethod beforeMethod -->
  <testcase classname="com.qa.BaseTest" name="@AfterMethod afterMethod" time="0.0">
    <skipped/>
  </testcase> <!-- @AfterMethod afterMethod -->
  <testcase classname="com.qa.BaseTest" name="@BeforeMethod beforeMethod" time="0.0">
    <skipped/>
  </testcase> <!-- @BeforeMethod beforeMethod -->
  <testcase classname="com.qa.tests.ProductTests" name="@BeforeMethod beforeMethod" time="0.0">
    <skipped/>
  </testcase> <!-- @BeforeMethod beforeMethod -->
  <testcase classname="com.qa.BaseTest" name="@AfterMethod afterMethod" time="0.0">
    <skipped/>
  </testcase> <!-- @AfterMethod afterMethod -->
  <testcase classname="com.qa.BaseTest" name="@AfterTest afterTest" time="0.0">
    <skipped/>
  </testcase> <!-- @AfterTest afterTest -->
  <testcase classname="com.qa.tests.LoginTests" name="invalidUserName" time="0.0">
    <skipped/>
  </testcase> <!-- invalidUserName -->
  <testcase classname="com.qa.tests.ProductTests" name="addProductsToCart" time="0.0">
    <skipped/>
  </testcase> <!-- addProductsToCart -->
  <testcase classname="com.qa.BaseTest" name="@AfterSuite afterSuite" time="0.0">
    <ignored/>
  </testcase> <!-- @AfterSuite afterSuite -->
  <testcase classname="com.qa.BaseTest" name="@AfterTest afterTest" time="0.0">
    <ignored/>
  </testcase> <!-- @AfterTest afterTest -->
  <testcase classname="com.qa.BaseTest" name="@BeforeTest beforeTest" time="0.0">
    <ignored/>
  </testcase> <!-- @BeforeTest beforeTest -->
  <testcase classname="com.qa.tests.LoginTests" name="validUserName" time="0.0">
    <ignored/>
  </testcase> <!-- validUserName -->
  <testcase classname="com.qa.tests.LoginTests" name="emptyUserName" time="0.0">
    <ignored/>
  </testcase> <!-- emptyUserName -->
  <testcase classname="com.qa.BaseTest" name="@BeforeSuite beforeSuite" time="0.0">
    <ignored/>
  </testcase> <!-- @BeforeSuite beforeSuite -->
  <testcase classname="com.qa.tests.LoginTests" name="lockedUserSoftAssert" time="0.0">
    <ignored/>
  </testcase> <!-- lockedUserSoftAssert -->
  <testcase classname="com.qa.tests.ProductTests" name="validateProductAtProductDetail" time="0.0">
    <ignored/>
  </testcase> <!-- validateProductAtProductDetail -->
</testsuite> <!-- Pixel -->
