<?xml version="1.0" encoding="UTF-8"?>
<!-- Generated by org.testng.reporters.JUnitReportReporter -->
<testsuite hostname="user-Latitude-3420" failures="0" tests="1" name="com.qa.tests.ProductTests" time="1.346" errors="1" timestamp="2023-11-23T22:58:49 IST" skipped="0">
  <testcase classname="com.qa.tests.ProductTests" name="addProductsToCart" time="1.346">
    <error message="An element could not be located on the page using the given search parameters.
For documentation on this error, please visit: https://www.selenium.dev/documentation/webdriver/troubleshooting/errors#no-such-element-exception
Build info: version: &#039;4.13.0&#039;, revision: &#039;ba948ece5b*&#039;
System info: os.name: &#039;Linux&#039;, os.arch: &#039;amd64&#039;, os.version: &#039;5.15.0-88-generic&#039;, java.version: &#039;15.0.2&#039;
Driver info: io.appium.java_client.android.AndroidDriver
Command: [c2b3e204-7aea-47c1-a0df-7fec2254414f, findElement {using=xpath, value=(//android.widget.TextView[@content-desc=&#039;store item text&#039;])[1]}]
Capabilities {appium:appActivity: com.saucelabs.mydemoapp.rn...., appium:appPackage: com.saucelabs.mydemoapp.rn, appium:automationName: UiAutomator2, appium:databaseEnabled: false, appium:desired: {appActivity: com.saucelabs.mydemoapp.rn...., appPackage: com.saucelabs.mydemoapp.rn, automationName: UiAutomator2, platformName: ANDROID, systemPort: 10001, udid: L7854L45IJ8X5L5X}, appium:deviceApiLevel: 30, appium:deviceManufacturer: realme, appium:deviceModel: RMX2151, appium:deviceName: L7854L45IJ8X5L5X, appium:deviceScreenDensity: 480, appium:deviceScreenSize: 1080x2400, appium:deviceUDID: L7854L45IJ8X5L5X, appium:javascriptEnabled: true, appium:locationContextEnabled: false, appium:networkConnectionEnabled: true, appium:pixelRatio: 3, appium:platformVersion: 11, appium:statBarHeight: 115, appium:systemPort: 10001, appium:takesScreenshot: true, appium:udid: L7854L45IJ8X5L5X, appium:viewportRect: {height: 2170, left: 0, top: 115, width: 1080}, appium:warnings: {}, appium:webStorageEnabled: false, platformName: ANDROID}
Session ID: c2b3e204-7aea-47c1-a0df-7fec2254414f" type="org.openqa.selenium.NoSuchElementException">
      <![CDATA[org.openqa.selenium.NoSuchElementException: An element could not be located on the page using the given search parameters.
For documentation on this error, please visit: https://www.selenium.dev/documentation/webdriver/troubleshooting/errors#no-such-element-exception
Build info: version: '4.13.0', revision: 'ba948ece5b*'
System info: os.name: 'Linux', os.arch: 'amd64', os.version: '5.15.0-88-generic', java.version: '15.0.2'
Driver info: io.appium.java_client.android.AndroidDriver
Command: [c2b3e204-7aea-47c1-a0df-7fec2254414f, findElement {using=xpath, value=(//android.widget.TextView[@content-desc='store item text'])[1]}]
Capabilities {appium:appActivity: com.saucelabs.mydemoapp.rn...., appium:appPackage: com.saucelabs.mydemoapp.rn, appium:automationName: UiAutomator2, appium:databaseEnabled: false, appium:desired: {appActivity: com.saucelabs.mydemoapp.rn...., appPackage: com.saucelabs.mydemoapp.rn, automationName: UiAutomator2, platformName: ANDROID, systemPort: 10001, udid: L7854L45IJ8X5L5X}, appium:deviceApiLevel: 30, appium:deviceManufacturer: realme, appium:deviceModel: RMX2151, appium:deviceName: L7854L45IJ8X5L5X, appium:deviceScreenDensity: 480, appium:deviceScreenSize: 1080x2400, appium:deviceUDID: L7854L45IJ8X5L5X, appium:javascriptEnabled: true, appium:locationContextEnabled: false, appium:networkConnectionEnabled: true, appium:pixelRatio: 3, appium:platformVersion: 11, appium:statBarHeight: 115, appium:systemPort: 10001, appium:takesScreenshot: true, appium:udid: L7854L45IJ8X5L5X, appium:viewportRect: {height: 2170, left: 0, top: 115, width: 1080}, appium:warnings: {}, appium:webStorageEnabled: false, platformName: ANDROID}
Session ID: c2b3e204-7aea-47c1-a0df-7fec2254414f
at java.base/jdk.internal.reflect.NativeConstructorAccessorImpl.newInstance0(Native Method)
at java.base/jdk.internal.reflect.NativeConstructorAccessorImpl.newInstance(NativeConstructorAccessorImpl.java:64)
at java.base/jdk.internal.reflect.DelegatingConstructorAccessorImpl.newInstance(DelegatingConstructorAccessorImpl.java:45)
at java.base/java.lang.reflect.Constructor.newInstanceWithCaller(Constructor.java:500)
at java.base/java.lang.reflect.Constructor.newInstance(Constructor.java:481)
at org.openqa.selenium.remote.codec.w3c.W3CHttpResponseCodec.createException(W3CHttpResponseCodec.java:200)
at org.openqa.selenium.remote.codec.w3c.W3CHttpResponseCodec.decode(W3CHttpResponseCodec.java:133)
at org.openqa.selenium.remote.codec.w3c.W3CHttpResponseCodec.decode(W3CHttpResponseCodec.java:52)
at org.openqa.selenium.remote.HttpCommandExecutor.execute(HttpCommandExecutor.java:191)
at io.appium.java_client.remote.AppiumCommandExecutor.execute(AppiumCommandExecutor.java:250)
at org.openqa.selenium.remote.RemoteWebDriver.execute(RemoteWebDriver.java:602)
at org.openqa.selenium.remote.ElementLocation$ElementFinder$2.findElement(ElementLocation.java:165)
at org.openqa.selenium.remote.ElementLocation.findElement(ElementLocation.java:59)
at org.openqa.selenium.remote.RemoteWebDriver.findElement(RemoteWebDriver.java:359)
at org.openqa.selenium.remote.RemoteWebDriver.findElement(RemoteWebDriver.java:353)
at com.qa.pages.HomeScreen.pressProductTitle(HomeScreen.java:31)
at com.qa.tests.ProductTests.addProductsToCart(ProductTests.java:57)
at java.base/jdk.internal.reflect.NativeMethodAccessorImpl.invoke0(Native Method)
at java.base/jdk.internal.reflect.NativeMethodAccessorImpl.invoke(NativeMethodAccessorImpl.java:64)
at java.base/jdk.internal.reflect.DelegatingMethodAccessorImpl.invoke(DelegatingMethodAccessorImpl.java:43)
at java.base/java.lang.reflect.Method.invoke(Method.java:564)
at org.testng.internal.invokers.MethodInvocationHelper.invokeMethod(MethodInvocationHelper.java:139)
at org.testng.internal.invokers.TestInvoker.invokeMethod(TestInvoker.java:664)
at org.testng.internal.invokers.TestInvoker.invokeTestMethod(TestInvoker.java:227)
at org.testng.internal.invokers.MethodRunner.runInSequence(MethodRunner.java:50)
at org.testng.internal.invokers.TestInvoker$MethodInvocationAgent.invoke(TestInvoker.java:957)
at org.testng.internal.invokers.TestInvoker.invokeTestMethods(TestInvoker.java:200)
at org.testng.internal.invokers.TestMethodWorker.invokeTestMethods(TestMethodWorker.java:148)
at org.testng.internal.invokers.TestMethodWorker.run(TestMethodWorker.java:128)
at java.base/java.util.ArrayList.forEach(ArrayList.java:1511)
at org.testng.TestRunner.privateRun(TestRunner.java:848)
at org.testng.TestRunner.run(TestRunner.java:621)
at org.testng.SuiteRunner.runTest(SuiteRunner.java:443)
at org.testng.SuiteRunner.runSequentially(SuiteRunner.java:437)
at org.testng.SuiteRunner.privateRun(SuiteRunner.java:397)
at org.testng.SuiteRunner.run(SuiteRunner.java:336)
at org.testng.SuiteRunnerWorker.runSuite(SuiteRunnerWorker.java:52)
at org.testng.SuiteRunnerWorker.run(SuiteRunnerWorker.java:95)
at org.testng.TestNG.runSuitesSequentially(TestNG.java:1280)
at org.testng.TestNG.runSuitesLocally(TestNG.java:1200)
at org.testng.TestNG.runSuites(TestNG.java:1114)
at org.testng.TestNG.run(TestNG.java:1082)
at com.intellij.rt.testng.IDEARemoteTestNG.run(IDEARemoteTestNG.java:66)
at com.intellij.rt.testng.RemoteTestNGStarter.main(RemoteTestNGStarter.java:105)
]]>
    </error>
    <system-out>
      <![CDATA[This is a test reporter
<a href='/home/user/IdeaProjects/practiceFrameworkMultiThreadCheap/Screenshots/Android_11_Realme 7/2023-11-23-22-58-21/ProductTests/addProductsToCart.png'> <img src='/home/user/IdeaProjects/practiceFrameworkMultiThreadCheap/Screenshots/Android_11_Realme 7/2023-11-23-22-58-21/ProductTests/addProductsToCart.png' height='400' width='400'/> </a>]]>
    </system-out>
  </testcase> <!-- addProductsToCart -->
  <system-out>
    <![CDATA[This is a test reporter
<a href='/home/user/IdeaProjects/practiceFrameworkMultiThreadCheap/Screenshots/Android_11_Realme 7/2023-11-23-22-58-21/ProductTests/addProductsToCart.png'> <img src='/home/user/IdeaProjects/practiceFrameworkMultiThreadCheap/Screenshots/Android_11_Realme 7/2023-11-23-22-58-21/ProductTests/addProductsToCart.png' height='400' width='400'/> </a>]]>
  </system-out>
</testsuite> <!-- com.qa.tests.ProductTests -->
